<?xml version="1.0" encoding="UTF-8"?>
<coverage generated="1614115735438" clover="3.2.0">
  <project timestamp="1614115735439" name="All files">
    <metrics statements="38" coveredstatements="9" conditionals="19" coveredconditionals="0" methods="8" coveredmethods="3" elements="65" coveredelements="12" complexity="0" loc="38" ncloc="38" packages="1" files="2" classes="2"/>
    <file name="WsvLine.ts" path="/home/mlinz/projects/sml-typescript-project/src/sml/WsvLine.ts">
      <metrics statements="9" coveredstatements="8" conditionals="0" coveredconditionals="0" methods="4" coveredmethods="3"/>
      <line num="1" count="1" type="stmt"/>
      <line num="3" count="1" type="stmt"/>
      <line num="5" count="1" type="stmt"/>
      <line num="8" count="1" type="stmt"/>
      <line num="9" count="1" type="stmt"/>
      <line num="11" count="1" type="stmt"/>
      <line num="15" count="1" type="stmt"/>
      <line num="19" count="2" type="stmt"/>
      <line num="23" count="0" type="stmt"/>
    </file>
    <file name="WsvSerializer.ts" path="/home/mlinz/projects/sml-typescript-project/src/sml/WsvSerializer.ts">
      <metrics statements="29" coveredstatements="1" conditionals="19" coveredconditionals="0" methods="4" coveredmethods="0"/>
      <line num="1" count="1" type="stmt"/>
      <line num="8" count="0" type="stmt"/>
      <line num="9" count="0" type="stmt"/>
      <line num="10" count="0" type="stmt"/>
      <line num="12" count="0" type="stmt"/>
      <line num="16" count="0" type="cond" truecount="0" falsecount="2"/>
      <line num="17" count="0" type="stmt"/>
      <line num="18" count="0" type="cond" truecount="0" falsecount="2"/>
      <line num="19" count="0" type="stmt"/>
      <line num="20" count="0" type="cond" truecount="0" falsecount="2"/>
      <line num="21" count="0" type="stmt"/>
      <line num="22" count="0" type="cond" truecount="0" falsecount="2"/>
      <line num="23" count="0" type="stmt"/>
      <line num="26" count="0" type="stmt"/>
      <line num="27" count="0" type="stmt"/>
      <line num="28" count="0" type="stmt"/>
      <line num="30" count="0" type="stmt"/>
      <line num="31" count="0" type="stmt"/>
      <line num="33" count="0" type="stmt"/>
      <line num="34" count="0" type="stmt"/>
      <line num="36" count="0" type="stmt"/>
      <line num="40" count="0" type="stmt"/>
      <line num="44" count="0" type="cond" truecount="0" falsecount="2"/>
      <line num="45" count="0" type="stmt"/>
      <line num="46" count="0" type="stmt"/>
      <line num="47" count="0" type="stmt"/>
      <line num="49" count="0" type="cond" truecount="0" falsecount="6"/>
      <line num="50" count="0" type="stmt"/>
      <line num="53" count="0" type="stmt"/>
    </file>
  </project>
</coverage>
