{"/home/mlinz/projects/sml-typescript-project/src/sml/WsvLine.ts": {"path":"/home/mlinz/projects/sml-typescript-project/src/sml/WsvLine.ts","statementMap":{"0":{"start":{"line":1,"column":0},"end":{"line":1,"column":44}},"1":{"start":{"line":5,"column":12},"end":{"line":5,"column":34}},"2":{"start":{"line":8,"column":8},"end":{"line":10,"column":null}},"3":{"start":{"line":9,"column":12},"end":{"line":9,"column":31}},"4":{"start":{"line":11,"column":8},"end":{"line":11,"column":20}},"5":{"start":{"line":15,"column":8},"end":{"line":15,"column":32}},"6":{"start":{"line":19,"column":8},"end":{"line":19,"column":27}},"7":{"start":{"line":23,"column":8},"end":{"line":23,"column":67}},"8":{"start":{"line":3,"column":0},"end":{"line":3,"column":21}}},"fnMap":{"0":{"name":"(anonymous_1)","decl":{"start":{"line":7,"column":4},"end":{"line":7,"column":16}},"loc":{"start":{"line":7,"column":33},"end":{"line":12,"column":5}}},"1":{"name":"(anonymous_2)","decl":{"start":{"line":14,"column":11},"end":{"line":14,"column":19}},"loc":{"start":{"line":14,"column":33},"end":{"line":16,"column":5}}},"2":{"name":"(anonymous_3)","decl":{"start":{"line":18,"column":11},"end":{"line":18,"column":20}},"loc":{"start":{"line":18,"column":20},"end":{"line":20,"column":5}}},"3":{"name":"(anonymous_4)","decl":{"start":{"line":22,"column":11},"end":{"line":22,"column":19}},"loc":{"start":{"line":22,"column":19},"end":{"line":24,"column":5}}}},"branchMap":{},"s":{"0":1,"1":1,"2":1,"3":1,"4":1,"5":1,"6":2,"7":0,"8":1},"f":{"0":1,"1":1,"2":2,"3":0},"b":{}}
,"/home/mlinz/projects/sml-typescript-project/src/sml/WsvSerializer.ts": {"path":"/home/mlinz/projects/sml-typescript-project/src/sml/WsvSerializer.ts","statementMap":{"0":{"start":{"line":8,"column":43},"end":{"line":8,"column":45}},"1":{"start":{"line":9,"column":8},"end":{"line":11,"column":null}},"2":{"start":{"line":10,"column":12},"end":{"line":10,"column":56}},"3":{"start":{"line":12,"column":8},"end":{"line":12,"column":42}},"4":{"start":{"line":16,"column":8},"end":{"line":24,"column":null}},"5":{"start":{"line":17,"column":12},"end":{"line":17,"column":23}},"6":{"start":{"line":18,"column":15},"end":{"line":24,"column":null}},"7":{"start":{"line":19,"column":12},"end":{"line":19,"column":24}},"8":{"start":{"line":20,"column":15},"end":{"line":24,"column":null}},"9":{"start":{"line":21,"column":12},"end":{"line":21,"column":25}},"10":{"start":{"line":22,"column":15},"end":{"line":24,"column":null}},"11":{"start":{"line":23,"column":12},"end":{"line":23,"column":23}},"12":{"start":{"line":26,"column":21},"end":{"line":26,"column":23}},"13":{"start":{"line":27,"column":8},"end":{"line":38,"column":null}},"14":{"start":{"line":28,"column":12},"end":{"line":37,"column":null}},"15":{"start":{"line":30,"column":20},"end":{"line":30,"column":36}},"16":{"start":{"line":31,"column":20},"end":{"line":31,"column":26}},"17":{"start":{"line":33,"column":20},"end":{"line":33,"column":35}},"18":{"start":{"line":34,"column":20},"end":{"line":34,"column":26}},"19":{"start":{"line":36,"column":20},"end":{"line":36,"column":32}},"20":{"start":{"line":40,"column":8},"end":{"line":40,"column":29}},"21":{"start":{"line":44,"column":43},"end":{"line":44,"column":74}},"22":{"start":{"line":45,"column":36},"end":{"line":45,"column":53}},"23":{"start":{"line":46,"column":30},"end":{"line":46,"column":44}},"24":{"start":{"line":47,"column":32},"end":{"line":47,"column":49}},"25":{"start":{"line":49,"column":8},"end":{"line":51,"column":null}},"26":{"start":{"line":50,"column":12},"end":{"line":50,"column":24}},"27":{"start":{"line":53,"column":8},"end":{"line":53,"column":21}},"28":{"start":{"line":1,"column":0},"end":{"line":1,"column":21}}},"fnMap":{"0":{"name":"(anonymous_0)","decl":{"start":{"line":3,"column":4},"end":{"line":3,"column":null}},"loc":{"start":{"line":3,"column":4},"end":{"line":5,"column":5}}},"1":{"name":"(anonymous_1)","decl":{"start":{"line":7,"column":11},"end":{"line":7,"column":24}},"loc":{"start":{"line":7,"column":40},"end":{"line":13,"column":5}}},"2":{"name":"(anonymous_2)","decl":{"start":{"line":15,"column":11},"end":{"line":15,"column":20}},"loc":{"start":{"line":15,"column":32},"end":{"line":41,"column":5}}},"3":{"name":"(anonymous_3)","decl":{"start":{"line":43,"column":11},"end":{"line":43,"column":31}},"loc":{"start":{"line":43,"column":43},"end":{"line":54,"column":5}}}},"branchMap":{"0":{"loc":{"start":{"line":16,"column":8},"end":{"line":24,"column":null}},"type":"if","locations":[{"start":{"line":16,"column":8},"end":{"line":24,"column":null}},{"start":{"line":16,"column":8},"end":{"line":24,"column":null}}]},"1":{"loc":{"start":{"line":18,"column":15},"end":{"line":24,"column":null}},"type":"if","locations":[{"start":{"line":18,"column":15},"end":{"line":24,"column":null}},{"start":{"line":18,"column":15},"end":{"line":24,"column":null}}]},"2":{"loc":{"start":{"line":20,"column":15},"end":{"line":24,"column":null}},"type":"if","locations":[{"start":{"line":20,"column":15},"end":{"line":24,"column":null}},{"start":{"line":20,"column":15},"end":{"line":24,"column":null}}]},"3":{"loc":{"start":{"line":22,"column":15},"end":{"line":24,"column":null}},"type":"if","locations":[{"start":{"line":22,"column":15},"end":{"line":24,"column":null}},{"start":{"line":22,"column":15},"end":{"line":24,"column":null}}]},"4":{"loc":{"start":{"line":29,"column":16},"end":{"line":31,"column":26}},"type":"switch","locations":[{"start":{"line":29,"column":16},"end":{"line":31,"column":26}},{"start":{"line":32,"column":16},"end":{"line":34,"column":26}},{"start":{"line":35,"column":16},"end":{"line":36,"column":32}}]},"5":{"loc":{"start":{"line":44,"column":44},"end":{"line":44,"column":60}},"type":"binary-expr","locations":[{"start":{"line":44,"column":44},"end":{"line":44,"column":60}},{"start":{"line":44,"column":64},"end":{"line":44,"column":66}}]},"6":{"loc":{"start":{"line":49,"column":8},"end":{"line":51,"column":null}},"type":"if","locations":[{"start":{"line":49,"column":8},"end":{"line":51,"column":null}},{"start":{"line":49,"column":8},"end":{"line":51,"column":null}}]},"7":{"loc":{"start":{"line":49,"column":12},"end":{"line":49,"column":30}},"type":"binary-expr","locations":[{"start":{"line":49,"column":12},"end":{"line":49,"column":30}},{"start":{"line":49,"column":34},"end":{"line":49,"column":53}},{"start":{"line":49,"column":57},"end":{"line":49,"column":70}},{"start":{"line":49,"column":74},"end":{"line":49,"column":89}}]}},"s":{"0":0,"1":0,"2":0,"3":0,"4":0,"5":0,"6":0,"7":0,"8":0,"9":0,"10":0,"11":0,"12":0,"13":0,"14":0,"15":0,"16":0,"17":0,"18":0,"19":0,"20":0,"21":0,"22":0,"23":0,"24":0,"25":0,"26":0,"27":0,"28":1},"f":{"0":0,"1":0,"2":0,"3":0},"b":{"0":[0,0],"1":[0,0],"2":[0,0],"3":[0,0],"4":[0,0,0],"5":[0,0],"6":[0,0],"7":[0,0,0,0]}}
}
